utngrunner/build/intermediates/manifest_merge_blame_file/debug/processDebugMainManifest/manifest-merger-blame-debug-report.txt
1<?xml version="1.0" encoding="utf-8"?>
2<manifest xmlns:android="http://schemas.android.com/apk/res/android"
3    package="mx.edu.utng.utngrunner"
4    android:versionCode="1"
5    android:versionName="1.0" >
6
7    <uses-sdk
8        android:minSdkVersion="30"
9        android:targetSdkVersion="36" />
10
11    <!-- Permiso original -->
12    <uses-permission android:name="android.permission.WAKE_LOCK" />
12-->src\main\AndroidManifest.xml:5:5-68
12-->src\main\AndroidManifest.xml:5:22-65
13
14    <!-- Health Services para frecuencia cardíaca -->
15    <uses-permission android:name="android.permission.BODY_SENSORS" />
15-->src\main\AndroidManifest.xml:8:5-71
15-->src\main\AndroidManifest.xml:8:22-68
16    <uses-permission android:name="android.permission.health.READ_HEART_RATE" />
16-->src\main\AndroidManifest.xml:9:5-81
16-->src\main\AndroidManifest.xml:9:22-78
17
18    <!-- Haptics -->
19    <uses-permission android:name="android.permission.VIBRATE" />
19-->src\main\AndroidManifest.xml:12:5-66
19-->src\main\AndroidManifest.xml:12:22-63
20
21    <!-- Wear OS feature -->
22    <uses-feature android:name="android.hardware.type.watch" />
22-->src\main\AndroidManifest.xml:15:5-64
22-->src\main\AndroidManifest.xml:15:19-61
23
24    <queries>
24-->[com.google.android.gms:play-services-games-v2:21.0.0] AndroidManifest.xml:7:5-10:15
25        <package android:name="com.google.android.gms" />
25-->[com.google.android.gms:play-services-games-v2:21.0.0] AndroidManifest.xml:8:9-58
25-->[com.google.android.gms:play-services-games-v2:21.0.0] AndroidManifest.xml:8:18-55
26        <package android:name="com.android.vending" />
26-->[com.google.android.gms:play-services-games-v2:21.0.0] AndroidManifest.xml:9:9-55
26-->[com.google.android.gms:play-services-games-v2:21.0.0] AndroidManifest.xml:9:18-52
27        <package android:name="com.google.android.wearable.healthservices" />
27-->[androidx.health:health-services-client:1.1.0-alpha03] AndroidManifest.xml:20:9-78
27-->[androidx.health:health-services-client:1.1.0-alpha03] AndroidManifest.xml:20:18-75
28    </queries>
29
30    <permission
30-->[androidx.core:core:1.18.0] AndroidManifest.xml:22:5-24:47
31        android:name="mx.edu.utng.utngrunner.DYNAMIC_RECEIVER_NOT_EXPORTED_PERMISSION"
31-->[androidx.core:core:1.18.0] AndroidManifest.xml:23:9-81
32        android:protectionLevel="signature" />
32-->[androidx.core:core:1.18.0] AndroidManifest.xml:24:9-44
33
34    <uses-permission android:name="mx.edu.utng.utngrunner.DYNAMIC_RECEIVER_NOT_EXPORTED_PERMISSION" />
34-->[androidx.core:core:1.18.0] AndroidManifest.xml:26:5-97
34-->[androidx.core:core:1.18.0] AndroidManifest.xml:26:22-94
35
36    <application
36-->src\main\AndroidManifest.xml:17:5-48:19
37        android:allowBackup="true"
37-->src\main\AndroidManifest.xml:18:9-35
38        android:appComponentFactory="androidx.core.app.CoreComponentFactory"
38-->[androidx.core:core:1.18.0] AndroidManifest.xml:28:18-86
39        android:debuggable="true"
40        android:extractNativeLibs="false"
41        android:icon="@mipmap/ic_launcher"
41-->src\main\AndroidManifest.xml:19:9-43
42        android:label="@string/app_name"
42-->src\main\AndroidManifest.xml:20:9-41
43        android:supportsRtl="true"
43-->src\main\AndroidManifest.xml:21:9-35
44        android:theme="@android:style/Theme.DeviceDefault" >
44-->src\main\AndroidManifest.xml:22:9-59
45        <uses-library
45-->src\main\AndroidManifest.xml:24:9-26:39
46            android:name="com.google.android.wearable"
46-->src\main\AndroidManifest.xml:25:13-55
47            android:required="true" />
47-->src\main\AndroidManifest.xml:26:13-36
48        <uses-library
48-->src\main\AndroidManifest.xml:27:9-29:40
49            android:name="wear-sdk"
49-->src\main\AndroidManifest.xml:28:13-36
50            android:required="false" />
50-->src\main\AndroidManifest.xml:29:13-37
51
52        <!-- App standalone (no requiere celular) -->
53        <meta-data
53-->src\main\AndroidManifest.xml:32:9-34:36
54            android:name="com.google.android.wearable.standalone"
54-->src\main\AndroidManifest.xml:33:13-66
55            android:value="true" />
55-->src\main\AndroidManifest.xml:34:13-33
56
57        <activity
57-->src\main\AndroidManifest.xml:36:9-46:20
58            android:name="mx.edu.utng.utngrunner.presentation.MainActivity"
58-->src\main\AndroidManifest.xml:37:13-54
59            android:exported="true"
59-->src\main\AndroidManifest.xml:38:13-36
60            android:label="UTNG Runner"
60-->src\main\AndroidManifest.xml:41:13-40
61            android:taskAffinity=""
61-->src\main\AndroidManifest.xml:39:13-36
62            android:theme="@style/MainActivityTheme.Starting" >
62-->src\main\AndroidManifest.xml:40:13-62
63            <intent-filter>
63-->src\main\AndroidManifest.xml:42:13-45:29
64                <action android:name="android.intent.action.MAIN" />
64-->src\main\AndroidManifest.xml:43:17-69
64-->src\main\AndroidManifest.xml:43:25-66
65
66                <category android:name="android.intent.category.LAUNCHER" />
66-->src\main\AndroidManifest.xml:44:17-77
66-->src\main\AndroidManifest.xml:44:27-74
67            </intent-filter>
68        </activity>
69
70        <provider
70-->[com.google.android.gms:play-services-games-v2:21.0.0] AndroidManifest.xml:13:9-17:38
71            android:name="com.google.android.gms.games.provider.PlayGamesInitProvider"
71-->[com.google.android.gms:play-services-games-v2:21.0.0] AndroidManifest.xml:14:13-87
72            android:authorities="mx.edu.utng.utngrunner.playgamesinitprovider"
72-->[com.google.android.gms:play-services-games-v2:21.0.0] AndroidManifest.xml:15:13-73
73            android:exported="false"
73-->[com.google.android.gms:play-services-games-v2:21.0.0] AndroidManifest.xml:16:13-37
74            android:initOrder="99" />
74-->[com.google.android.gms:play-services-games-v2:21.0.0] AndroidManifest.xml:17:13-35
75
76        <activity
76-->[com.google.android.gms:play-services-games-v2:21.0.0] AndroidManifest.xml:19:9-22:62
77            android:name="com.google.android.gms.games.internal.v2.resolution.GamesResolutionActivity"
77-->[com.google.android.gms:play-services-games-v2:21.0.0] AndroidManifest.xml:20:13-103
78            android:exported="false"
78-->[com.google.android.gms:play-services-games-v2:21.0.0] AndroidManifest.xml:21:13-37
79            android:theme="@style/Theme.Games.Transparent" />
79-->[com.google.android.gms:play-services-games-v2:21.0.0] AndroidManifest.xml:22:13-59
80        <activity
80-->[com.google.android.gms:play-services-games-v2:21.0.0] AndroidManifest.xml:23:9-26:62
81            android:name="com.google.android.gms.games.internal.v2.appshortcuts.PlayGamesAppShortcutsActivity"
81-->[com.google.android.gms:play-services-games-v2:21.0.0] AndroidManifest.xml:24:13-111
82            android:exported="true"
82-->[com.google.android.gms:play-services-games-v2:21.0.0] AndroidManifest.xml:25:13-36
83            android:theme="@style/Theme.Games.Transparent" />
83-->[com.google.android.gms:play-services-games-v2:21.0.0] AndroidManifest.xml:26:13-59
84
85        <meta-data
85-->[com.google.android.gms:play-services-games-v2:21.0.0] AndroidManifest.xml:28:9-30:62
86            android:name="com.google.android.gms.games.version"
86-->[com.google.android.gms:play-services-games-v2:21.0.0] AndroidManifest.xml:29:13-64
87            android:value="@string/play_games_sdk_version" />
87-->[com.google.android.gms:play-services-games-v2:21.0.0] AndroidManifest.xml:30:13-59
88
89        <activity
89-->[com.google.android.gms:play-services-base:18.5.0] AndroidManifest.xml:5:9-173
90            android:name="com.google.android.gms.common.api.GoogleApiActivity"
90-->[com.google.android.gms:play-services-base:18.5.0] AndroidManifest.xml:5:19-85
91            android:exported="false"
91-->[com.google.android.gms:play-services-base:18.5.0] AndroidManifest.xml:5:146-170
92            android:theme="@android:style/Theme.Translucent.NoTitleBar" />
92-->[com.google.android.gms:play-services-base:18.5.0] AndroidManifest.xml:5:86-145
93
94        <meta-data
94-->[com.google.android.gms:play-services-basement:18.9.0] AndroidManifest.xml:21:9-23:69
95            android:name="com.google.android.gms.version"
95-->[com.google.android.gms:play-services-basement:18.9.0] AndroidManifest.xml:22:13-58
96            android:value="@integer/google_play_services_version" />
96-->[com.google.android.gms:play-services-basement:18.9.0] AndroidManifest.xml:23:13-66
97
98        <activity
98-->[androidx.compose.ui:ui-test-manifest:1.9.2] AndroidManifest.xml:23:9-26:79
99            android:name="androidx.activity.ComponentActivity"
99-->[androidx.compose.ui:ui-test-manifest:1.9.2] AndroidManifest.xml:24:13-63
100            android:exported="true"
100-->[androidx.compose.ui:ui-test-manifest:1.9.2] AndroidManifest.xml:25:13-36
101            android:theme="@android:style/Theme.Material.Light.NoActionBar" />
101-->[androidx.compose.ui:ui-test-manifest:1.9.2] AndroidManifest.xml:26:13-76
102        <activity
102-->[androidx.compose.ui:ui-tooling-android:1.9.2] AndroidManifest.xml:23:9-25:39
103            android:name="androidx.compose.ui.tooling.PreviewActivity"
103-->[androidx.compose.ui:ui-tooling-android:1.9.2] AndroidManifest.xml:24:13-71
104            android:exported="true" />
104-->[androidx.compose.ui:ui-tooling-android:1.9.2] AndroidManifest.xml:25:13-36
105
106        <service
106-->[androidx.health:health-services-client:1.1.0-alpha03] AndroidManifest.xml:24:9-31:19
107            android:name="androidx.health.services.client.VersionApiService"
107-->[androidx.health:health-services-client:1.1.0-alpha03] AndroidManifest.xml:25:13-77
108            android:exported="true"
108-->[androidx.health:health-services-client:1.1.0-alpha03] AndroidManifest.xml:26:13-36
109            android:permission="com.google.android.wearable.healthservices.permission.PASSIVE_DATA_BINDING" >
109-->[androidx.health:health-services-client:1.1.0-alpha03] AndroidManifest.xml:27:13-108
110            <intent-filter>
110-->[androidx.health:health-services-client:1.1.0-alpha03] AndroidManifest.xml:28:13-30:29
111                <action android:name="hs.versionclient.BIND" />
111-->[androidx.health:health-services-client:1.1.0-alpha03] AndroidManifest.xml:29:17-64
111-->[androidx.health:health-services-client:1.1.0-alpha03] AndroidManifest.xml:29:25-61
112            </intent-filter>
113        </service>
114
115        <provider
115-->[androidx.emoji2:emoji2:1.4.0] AndroidManifest.xml:24:9-32:20
116            android:name="androidx.startup.InitializationProvider"
116-->[androidx.emoji2:emoji2:1.4.0] AndroidManifest.xml:25:13-67
117            android:authorities="mx.edu.utng.utngrunner.androidx-startup"
117-->[androidx.emoji2:emoji2:1.4.0] AndroidManifest.xml:26:13-68
118            android:exported="false" >
118-->[androidx.emoji2:emoji2:1.4.0] AndroidManifest.xml:27:13-37
119            <meta-data
119-->[androidx.emoji2:emoji2:1.4.0] AndroidManifest.xml:29:13-31:52
120                android:name="androidx.emoji2.text.EmojiCompatInitializer"
120-->[androidx.emoji2:emoji2:1.4.0] AndroidManifest.xml:30:17-75
121                android:value="androidx.startup" />
121-->[androidx.emoji2:emoji2:1.4.0] AndroidManifest.xml:31:17-49
122            <meta-data
122-->[androidx.lifecycle:lifecycle-process:2.9.4] AndroidManifest.xml:29:13-31:52
123                android:name="androidx.lifecycle.ProcessLifecycleInitializer"
123-->[androidx.lifecycle:lifecycle-process:2.9.4] AndroidManifest.xml:30:17-78
124                android:value="androidx.startup" />
124-->[androidx.lifecycle:lifecycle-process:2.9.4] AndroidManifest.xml:31:17-49
125            <meta-data
125-->[androidx.profileinstaller:profileinstaller:1.4.0] AndroidManifest.xml:29:13-31:52
126                android:name="androidx.profileinstaller.ProfileInstallerInitializer"
126-->[androidx.profileinstaller:profileinstaller:1.4.0] AndroidManifest.xml:30:17-85
127                android:value="androidx.startup" />
127-->[androidx.profileinstaller:profileinstaller:1.4.0] AndroidManifest.xml:31:17-49
128        </provider>
129
130        <receiver
130-->[androidx.profileinstaller:profileinstaller:1.4.0] AndroidManifest.xml:34:9-52:20
131            android:name="androidx.profileinstaller.ProfileInstallReceiver"
131-->[androidx.profileinstaller:profileinstaller:1.4.0] AndroidManifest.xml:35:13-76
132            android:directBootAware="false"
132-->[androidx.profileinstaller:profileinstaller:1.4.0] AndroidManifest.xml:36:13-44
133            android:enabled="true"
133-->[androidx.profileinstaller:profileinstaller:1.4.0] AndroidManifest.xml:37:13-35
134            android:exported="true"
134-->[androidx.profileinstaller:profileinstaller:1.4.0] AndroidManifest.xml:38:13-36
135            android:permission="android.permission.DUMP" >
135-->[androidx.profileinstaller:profileinstaller:1.4.0] AndroidManifest.xml:39:13-57
136            <intent-filter>
136-->[androidx.profileinstaller:profileinstaller:1.4.0] AndroidManifest.xml:40:13-42:29
137                <action android:name="androidx.profileinstaller.action.INSTALL_PROFILE" />
137-->[androidx.profileinstaller:profileinstaller:1.4.0] AndroidManifest.xml:41:17-91
137-->[androidx.profileinstaller:profileinstaller:1.4.0] AndroidManifest.xml:41:25-88
138            </intent-filter>
139            <intent-filter>
139-->[androidx.profileinstaller:profileinstaller:1.4.0] AndroidManifest.xml:43:13-45:29
140                <action android:name="androidx.profileinstaller.action.SKIP_FILE" />
140-->[androidx.profileinstaller:profileinstaller:1.4.0] AndroidManifest.xml:44:17-85
140-->[androidx.profileinstaller:profileinstaller:1.4.0] AndroidManifest.xml:44:25-82
141            </intent-filter>
142            <intent-filter>
142-->[androidx.profileinstaller:profileinstaller:1.4.0] AndroidManifest.xml:46:13-48:29
143                <action android:name="androidx.profileinstaller.action.SAVE_PROFILE" />
143-->[androidx.profileinstaller:profileinstaller:1.4.0] AndroidManifest.xml:47:17-88
143-->[androidx.profileinstaller:profileinstaller:1.4.0] AndroidManifest.xml:47:25-85
144            </intent-filter>
145            <intent-filter>
145-->[androidx.profileinstaller:profileinstaller:1.4.0] AndroidManifest.xml:49:13-51:29
146                <action android:name="androidx.profileinstaller.action.BENCHMARK_OPERATION" />
146-->[androidx.profileinstaller:profileinstaller:1.4.0] AndroidManifest.xml:50:17-95
146-->[androidx.profileinstaller:profileinstaller:1.4.0] AndroidManifest.xml:50:25-92
147            </intent-filter>
148        </receiver>
149    </application>
150
151</manifest>